 SEEN TYPE REASON OBJECT MESSAGE
 Normal SuccessfulCreate daemonset/static-local-static-provisioner Created pod: static-local-static-provisioner-k66cp
 Normal Scheduled pod/static-local-static-provisioner-k66cp Successfully assigned rclone/static-local-static-provisioner-k66cp to fv-az626-768
 Normal Pulling pod/static-local-static-provisioner-k66cp Pulling image "registry.k8s.io/sig-storage/local-volume-provisioner:v2.6.0"
 Normal SuccessfulCreate daemonset/csi-nodeplugin-rclone Created pod: csi-nodeplugin-rclone-xfl8p
 Normal SuccessfulCreate statefulset/csi-controller-rclone create Pod csi-controller-rclone-0 in StatefulSet csi-controller-rclone successful
 Normal Scheduled pod/csi-nodeplugin-rclone-xfl8p Successfully assigned rclone/csi-nodeplugin-rclone-xfl8p to fv-az626-768
 Normal Scheduled pod/csi-controller-rclone-0 Successfully assigned rclone/csi-controller-rclone-0 to fv-az626-768
 Normal Pulling pod/csi-nodeplugin-rclone-xfl8p Pulling image "k8s.gcr.io/sig-storage/csi-node-driver-registrar:v2.4.0"
 Normal Pulling pod/csi-controller-rclone-0 Pulling image "k8s.gcr.io/sig-storage/csi-attacher:v3.4.0"
 Normal Pulled pod/static-local-static-provisioner-k66cp Successfully pulled image "registry.k8s.io/sig-storage/local-volume-provisioner:v2.6.0" in 2.844622708s (2.844633108s including waiting)
 Normal Created pod/static-local-static-provisioner-k66cp Created container provisioner
 Normal Started pod/static-local-static-provisioner-k66cp Started container provisioner
 Normal Pulled pod/csi-nodeplugin-rclone-xfl8p Successfully pulled image "k8s.gcr.io/sig-storage/csi-node-driver-registrar:v2.4.0" in 825.568715ms (825.595015ms including waiting)
 Normal Created pod/csi-nodeplugin-rclone-xfl8p Created container node-driver-registrar
 Normal Started pod/csi-nodeplugin-rclone-xfl8p Started container node-driver-registrar
 Normal Pulling pod/csi-nodeplugin-rclone-xfl8p Pulling image "wunderio/csi-rclone:v1.3.0"
 Normal Pulled pod/csi-controller-rclone-0 Successfully pulled image "k8s.gcr.io/sig-storage/csi-attacher:v3.4.0" in 1.029176843s (1.029185643s including waiting)
 Normal Created pod/csi-controller-rclone-0 Created container csi-attacher
 Normal Started pod/csi-controller-rclone-0 Started container csi-attacher
 Normal Pulling pod/csi-controller-rclone-0 Pulling image "wunderio/csi-rclone:v1.3.0"
 Normal Pulled pod/csi-controller-rclone-0 Successfully pulled image "wunderio/csi-rclone:v1.3.0" in 2.020892921s (2.020908822s including waiting)
 Normal Pulled pod/csi-nodeplugin-rclone-xfl8p Successfully pulled image "wunderio/csi-rclone:v1.3.0" in 2.583193619s (2.583201219s including waiting)
 Normal Created pod/csi-controller-rclone-0 Created container rclone
 Normal Created pod/csi-nodeplugin-rclone-xfl8p Created container rclone
 Normal Started pod/csi-controller-rclone-0 Started container rclone
 Normal Started pod/csi-nodeplugin-rclone-xfl8p Started container rclone
 Normal LeaderElection lease/external-attacher-leader-csi-rclone csi-controller-rclone-0 became leader
 Warning ProvisioningFailed persistentvolumeclaim/data-rclone no volume plugin matched name: kubernetes.io/no-provisioner
 Warning FailedScheduling pod/package-file 0/1 nodes are available: pod has unbound immediate PersistentVolumeClaims. preemption: 0/1 nodes are available: 1 No preemption victims found for incoming pod..
 Warning FailedScheduling pod/package-file 0/1 nodes are available: pod has unbound immediate PersistentVolumeClaims. preemption: 0/1 nodes are available: 1 No preemption victims found for incoming pod..
 Normal Scheduled pod/package-file Successfully assigned rclone/package-file to fv-az626-768
 Normal SuccessfulAttachVolume pod/package-file AttachVolume.Attach succeeded for volume "data-rclone"
 Normal Pulling pod/package-file Pulling image "us.gcr.io/broad-dsp-gcr-public/terra-jupyter-bioconductor:2.2.1"
 Normal Pulled pod/package-file Successfully pulled image "us.gcr.io/broad-dsp-gcr-public/terra-jupyter-bioconductor:2.2.1" in 6m26.776210378s (6m26.776356679s including waiting)
 Normal Created pod/package-file Created container copy-packages
 Normal Started pod/package-file Started container copy-packages
